{"level":"info","timestamp":"2025-04-21T21:55:44.075+0700","logger":"customer-service","msg":"Starting HTTP server","port":"8082"}
{"level":"info","timestamp":"2025-04-21T22:13:00.009+0700","logger":"customer-service","msg":"Starting HTTP server","port":"8082"}
{"level":"info","timestamp":"2025-04-21T22:18:46.916+0700","logger":"customer-service","msg":"Successfully retrieved notifications","path":"/api/notifications","method":"GET","request_id":"","user_id":"usr_uvwxy","count":10}
{"level":"info","timestamp":"2025-04-21T22:18:46.918+0700","logger":"customer-service","msg":"Request completed successfully","path":"/api/notifications","method":"GET","request_id":"","status":200,"duration_ms":27.525375}
{"level":"info","timestamp":"2025-04-21T22:25:14.991+0700","logger":"customer-service","msg":"Starting HTTP server","port":"8082"}
{"level":"info","timestamp":"2025-04-21T22:25:26.166+0700","logger":"customer-service","msg":"Successfully retrieved notifications","path":"/api/notifications","method":"GET","request_id":"","user_id":"usr_uvwxy","count":10}
{"level":"info","timestamp":"2025-04-21T22:25:26.166+0700","logger":"customer-service","msg":"Request completed successfully","path":"/api/notifications","method":"GET","request_id":"","status":200,"duration_ms":8.687292}
{"level":"info","timestamp":"2025-04-21T22:27:06.911+0700","logger":"customer-service","msg":"Successfully retrieved notifications","path":"/api/notifications","method":"GET","request_id":"","user_id":"usr_uvwxy","count":10}
{"level":"info","timestamp":"2025-04-21T22:27:06.911+0700","logger":"customer-service","msg":"Request completed successfully","path":"/api/notifications","method":"GET","request_id":"","status":200,"duration_ms":2.048291}
{"level":"info","timestamp":"2025-04-21T22:28:33.980+0700","logger":"customer-service","msg":"Starting HTTP server","port":"8082"}
{"level":"info","timestamp":"2025-04-21T22:28:43.546+0700","logger":"customer-service","msg":"Successfully retrieved notifications","path":"/api/notifications","method":"GET","request_id":"","user_id":"usr_uvwxy","count":10}
{"level":"info","timestamp":"2025-04-21T22:28:43.546+0700","logger":"customer-service","msg":"Request completed successfully","path":"/api/notifications","method":"GET","request_id":"","status":200,"duration_ms":24.215}
{"level":"info","timestamp":"2025-04-21T22:30:24.017+0700","logger":"customer-service","msg":"Successfully retrieved notifications","path":"/api/notifications","method":"GET","request_id":"","user_id":"usr_uvwxy","count":10}
{"level":"info","timestamp":"2025-04-21T22:30:24.018+0700","logger":"customer-service","msg":"Request completed successfully","path":"/api/notifications","method":"GET","request_id":"","status":200,"duration_ms":1.7005}
{"level":"info","timestamp":"2025-04-21T22:34:45.016+0700","logger":"customer-service","msg":"Starting HTTP server","port":"8082"}
{"level":"info","timestamp":"2025-04-21T22:34:56.085+0700","logger":"customer-service","msg":"Successfully retrieved notifications","path":"/api/notifications","method":"GET","request_id":"","user_id":"usr_uvwxy","count":10}
{"level":"info","timestamp":"2025-04-21T22:34:56.085+0700","logger":"customer-service","msg":"Request completed successfully","path":"/api/notifications","method":"GET","request_id":"","status":200,"duration_ms":8.693209}
{"level":"info","timestamp":"2025-04-21T22:46:02.069+0700","logger":"customer-service","msg":"Successfully retrieved notifications","path":"/api/notifications","method":"GET","request_id":"","user_id":"usr_uvwxy","count":10}
{"level":"info","timestamp":"2025-04-21T22:46:02.070+0700","logger":"customer-service","msg":"Request completed successfully","path":"/api/notifications","method":"GET","request_id":"","status":200,"duration_ms":3.125583}
{"level":"info","timestamp":"2025-04-21T22:49:29.070+0700","logger":"customer-service","msg":"Starting HTTP server","port":"8082"}
{"level":"info","timestamp":"2025-04-21T22:49:42.737+0700","logger":"customer-service","msg":"Successfully retrieved notifications","path":"/api/notifications","method":"GET","request_id":"","user_id":"usr_uvwxy","count":10}
{"level":"info","timestamp":"2025-04-21T22:49:42.738+0700","logger":"customer-service","msg":"Request completed successfully","path":"/api/notifications","method":"GET","request_id":"","status":200,"duration_ms":2.97525}
{"level":"info","timestamp":"2025-04-21T22:51:47.999+0700","logger":"customer-service","msg":"Starting HTTP server","port":"8082"}
{"level":"info","timestamp":"2025-04-21T22:51:58.680+0700","logger":"customer-service","msg":"Successfully retrieved notifications","path":"/api/notifications","method":"GET","request_id":"2f7a5ccd-c61d-4b31-a289-14c4e628d460","user_id":"usr_uvwxy","count":10}
{"level":"info","timestamp":"2025-04-21T22:51:58.680+0700","logger":"customer-service","msg":"Request completed successfully","path":"/api/notifications","method":"GET","request_id":"2f7a5ccd-c61d-4b31-a289-14c4e628d460","status":200,"duration_ms":1.209709}
{"level":"info","timestamp":"2025-04-21T23:06:02.990+0700","logger":"customer-service","msg":"Starting HTTP server","port":"8082"}
{"level":"info","timestamp":"2025-04-21T23:16:23.995+0700","logger":"customer-service","msg":"Starting HTTP server","port":"8082"}
{"level":"info","timestamp":"2025-04-21T23:16:33.870+0700","logger":"customer-service","msg":"Successfully retrieved notifications","path":"/api/notifications","method":"GET","request_id":"4996e01a-0a8b-4cd8-a5c3-8bb029eb28fd","user_id":"usr_uvwxy","count":10}
{"level":"info","timestamp":"2025-04-21T23:16:33.870+0700","logger":"customer-service","msg":"Request completed successfully","path":"/api/notifications","method":"GET","request_id":"4996e01a-0a8b-4cd8-a5c3-8bb029eb28fd","status":200,"duration_ms":2.5525}
{"level":"info","timestamp":"2025-04-21T23:19:41.117+0700","logger":"customer-service","msg":"Successfully retrieved notifications","path":"/api/notifications","method":"GET","request_id":"c5330ae4-34a2-4d88-8515-bc0cc8937259","user_id":"usr_uvwxy","count":10}
{"level":"info","timestamp":"2025-04-21T23:19:41.118+0700","logger":"customer-service","msg":"Request completed successfully","path":"/api/notifications","method":"GET","request_id":"c5330ae4-34a2-4d88-8515-bc0cc8937259","status":200,"duration_ms":2.8189170000000003}
{"level":"info","timestamp":"2025-04-21T23:23:58.954+0700","logger":"customer-service","msg":"Starting HTTP server","port":"8082"}
{"level":"info","timestamp":"2025-04-21T23:24:12.038+0700","logger":"customer-service","msg":"Successfully retrieved notifications","path":"/api/notifications","method":"GET","request_id":"30a677b9-d33e-43c8-ad2b-3e525b979380","user_id":"usr_uvwxy","count":10}
{"level":"info","timestamp":"2025-04-21T23:24:12.038+0700","logger":"customer-service","msg":"Request completed successfully","path":"/api/notifications","method":"GET","request_id":"30a677b9-d33e-43c8-ad2b-3e525b979380","status":200,"duration_ms":19.796457999999998}
{"level":"info","timestamp":"2025-04-24T22:34:43.750+0700","logger":"customer-service","msg":"Starting HTTP server","port":"8082"}
{"level":"info","timestamp":"2025-04-24T22:59:56.675+0700","logger":"customer-service","msg":"Starting HTTP server","port":"8082"}
{"level":"info","timestamp":"2025-04-24T23:13:56.850+0700","logger":"customer-service","msg":"Starting HTTP server","port":"8082"}
{"level":"info","timestamp":"2025-04-24T23:21:28.666+0700","logger":"customer-service","msg":"Starting HTTP server","port":"8082"}
{"level":"info","timestamp":"2025-04-24T23:25:59.696+0700","logger":"customer-service","msg":"Starting HTTP server","port":"8082"}
{"level":"info","timestamp":"2025-04-24T23:29:32.683+0700","logger":"customer-service","msg":"Starting HTTP server","port":"8082"}
{"level":"info","timestamp":"2025-04-24T23:36:19.727+0700","logger":"customer-service","msg":"Starting HTTP server","port":"8082"}
{"level":"info","timestamp":"2025-04-24T23:36:54.920+0700","logger":"customer-service","msg":"Starting HTTP server","port":"8082"}
{"level":"info","timestamp":"2025-04-24T23:39:02.713+0700","logger":"customer-service","msg":"Starting HTTP server","port":"8082"}
